<?xml version="1.0" encoding="UTF-8"?>
<testng-results ignored="0" total="2" passed="2" failed="0" skipped="0">
  <reporter-output>
  </reporter-output>
  <suite started-at="2022-10-03T21:37:32 ICT" name="Suite1" finished-at="2022-10-03T21:37:46 ICT" duration-ms="13648">
    <groups>
    </groups>
    <test started-at="2022-10-03T21:37:32 ICT" name="Authen" finished-at="2022-10-03T21:37:46 ICT" duration-ms="13648">
      <class name="DataProvider.TestDateProvider">
        <test-method is-config="true" signature="initWebDriverObject()[pri:0, instance:DataProvider.TestDateProvider@5a9800f8]" started-at="2022-10-03T21:37:32 ICT" name="initWebDriverObject" finished-at="2022-10-03T21:37:32 ICT" duration-ms="47" status="PASS">
          <reporter-output>
          </reporter-output>
        </test-method> <!-- initWebDriverObject -->
        <test-method signature="Login(java.lang.String,java.lang.String)[pri:0, instance:DataProvider.TestDateProvider@5a9800f8]" started-at="2022-10-03T21:37:34 ICT" name="Login" description="Login with data set" data-provider="LoginData" finished-at="2022-10-03T21:37:45 ICT" duration-ms="10338" status="PASS">
          <params>
            <param index="0">
              <value>
                <![CDATA[tomsmith]]>
              </value>
            </param>
            <param index="1">
              <value>
                <![CDATA[SuperSecretPassword!]]>
              </value>
            </param>
          </params>
          <reporter-output>
          </reporter-output>
        </test-method> <!-- Login -->
        <test-method is-config="true" signature="AfterMethods(org.testng.ITestResult)[pri:0, instance:DataProvider.TestDateProvider@5a9800f8]" started-at="2022-10-03T21:37:45 ICT" name="AfterMethods" finished-at="2022-10-03T21:37:45 ICT" duration-ms="157" status="PASS">
          <params>
            <param index="0">
              <value>
                <![CDATA[[TestResult name=Login status=SUCCESS method=TestDateProvider.Login(java.lang.String,java.lang.String)[pri:0, instance:DataProvider.TestDateProvider@5a9800f8] output={null}]]]>
              </value>
            </param>
          </params>
          <reporter-output>
          </reporter-output>
        </test-method> <!-- AfterMethods -->
        <test-method signature="Login(java.lang.String,java.lang.String)[pri:0, instance:DataProvider.TestDateProvider@5a9800f8]" started-at="2022-10-03T21:37:45 ICT" name="Login" description="Login with data set" data-provider="LoginData" finished-at="2022-10-03T21:37:46 ICT" duration-ms="1130" status="PASS">
          <params>
            <param index="0">
              <value>
                <![CDATA[tomsmith]]>
              </value>
            </param>
            <param index="1">
              <value>
                <![CDATA[123456789]]>
              </value>
            </param>
          </params>
          <reporter-output>
          </reporter-output>
        </test-method> <!-- Login -->
        <test-method is-config="true" signature="AfterMethods(org.testng.ITestResult)[pri:0, instance:DataProvider.TestDateProvider@5a9800f8]" started-at="2022-10-03T21:37:46 ICT" name="AfterMethods" finished-at="2022-10-03T21:37:46 ICT" duration-ms="63" status="PASS">
          <params>
            <param index="0">
              <value>
                <![CDATA[[TestResult name=Login status=SUCCESS method=TestDateProvider.Login(java.lang.String,java.lang.String)[pri:0, instance:DataProvider.TestDateProvider@5a9800f8] output={null}]]]>
              </value>
            </param>
          </params>
          <reporter-output>
          </reporter-output>
        </test-method> <!-- AfterMethods -->
        <test-method is-config="true" signature="afterSuite()[pri:0, instance:DataProvider.TestDateProvider@5a9800f8]" started-at="2022-10-03T21:37:46 ICT" name="afterSuite" finished-at="2022-10-03T21:37:46 ICT" duration-ms="281" status="PASS">
          <reporter-output>
          </reporter-output>
        </test-method> <!-- afterSuite -->
      </class> <!-- DataProvider.TestDateProvider -->
    </test> <!-- Authen -->
  </suite> <!-- Suite1 -->
</testng-results>
